<?xml version="1.0" encoding="UTF-8"?>
<!-- Generated by org.testng.reporters.JUnitReportReporter -->
<testsuite hostname="DESKTOP-G62QGVT" failures="0" tests="3" name="com.herokuapp.theinetrnet.LoginTests" time="22.631" errors="0" timestamp="2024-01-07T09:05:41 CST" skipped="0">
  <testcase classname="com.herokuapp.theinetrnet.LoginTests" name="positiveLoginTest" time="6.143"/>
  <system-out/>
  <testcase classname="com.herokuapp.theinetrnet.LoginTests" name="negativeLoginTest" time="6.986"/>
  <system-out/>
  <testcase classname="com.herokuapp.theinetrnet.LoginTests" name="negativeLoginTest" time="9.502"/>
  <system-out/>
</testsuite> <!-- com.herokuapp.theinetrnet.LoginTests -->
