<?xml version="1.0" encoding="UTF-8"?>
<!-- Generated by org.testng.reporters.JUnitReportReporter -->
<testsuite hostname="DESKTOP-G62QGVT" failures="0" tests="1" name="com.herokuapp.theinetrnet.ExceptionsTest" time="5.030" errors="0" timestamp="2024-01-13T09:40:33 CST" skipped="0">
  <testcase classname="com.herokuapp.theinetrnet.ExceptionsTest" name="invalidElementStateExceptionTest" time="5.030"/>
  <system-out/>
</testsuite> <!-- com.herokuapp.theinetrnet.ExceptionsTest -->
