<?xml version="1.0" encoding="UTF-8"?>
<!-- Generated by org.testng.reporters.JUnitReportReporter -->
<testsuite hostname="DESKTOP-G62QGVT" failures="0" tests="2" name="com.herokuapp.theinetrnet.NegativeTests" time="10.748" errors="0" timestamp="2024-01-03T23:34:46 CST" skipped="0">
  <testcase classname="com.herokuapp.theinetrnet.NegativeTests" name="negativeLoginTest" time="5.524"/>
  <system-out/>
  <testcase classname="com.herokuapp.theinetrnet.NegativeTests" name="negativeLoginTest" time="5.224"/>
  <system-out/>
</testsuite> <!-- com.herokuapp.theinetrnet.NegativeTests -->
