<?xml version="1.0" encoding="UTF-8"?>
<!-- Generated by org.testng.reporters.JUnitReportReporter -->
<testsuite hostname="DESKTOP-G62QGVT" failures="0" tests="1" name="com.herokuapp.theinetrnet.PositiveTests" time="7.155" errors="0" timestamp="2024-01-03T23:34:46 CST" skipped="0">
  <testcase classname="com.herokuapp.theinetrnet.PositiveTests" name="loginTest" time="7.155"/>
  <system-out/>
</testsuite> <!-- com.herokuapp.theinetrnet.PositiveTests -->
